Using pre-set license
Built from '2020.3/staging' branch; Version is '2020.3.26f1 (7298b473bc1a) revision 7510196'; Using compiler version '192528614'; Build Type 'Release'
OS: 'Windows 11  (10.0.22621) 64bit Enterprise' Language: 'en' Physical Memory: 14188 MB
BatchMode: 1, IsHumanControllingUs: 0, StartBugReporterOnCrash: 0, Is64bit: 1, IsPro: 0

COMMAND LINE ARGUMENTS:
C:\Program Files\Unity\Hub\Editor\2020.3.26f1\Editor\Unity.exe
-adb2
-batchMode
-noUpm
-name
AssetImportWorker0
-projectPath
E:/Unity/Racing/driving-game/Driving-Game
-logFile
Logs/AssetImportWorker0.log
-srvPort
58618
Successfully changed project path to: E:/Unity/Racing/driving-game/Driving-Game
E:/Unity/Racing/driving-game/Driving-Game
Using Asset Import Pipeline V2.
Refreshing native plugins compatible for Editor in 28.74 ms, found 2 plugins.
Preloading 0 native plugins for Editor in 0.00 ms.
Initialize engine version: 2020.3.26f1 (7298b473bc1a)
[Subsystems] Discovering subsystems at path C:/Program Files/Unity/Hub/Editor/2020.3.26f1/Editor/Data/Resources/UnitySubsystems
[Subsystems] Discovering subsystems at path E:/Unity/Racing/driving-game/Driving-Game/Assets
GfxDevice: creating device client; threaded=0
Direct3D:
    Version:  Direct3D 11.0 [level 11.1]
    Renderer: NVIDIA GeForce RTX 3060 Laptop GPU (ID=0x2560)
    Vendor:   
    VRAM:     6009 MB
    Driver:   31.0.15.3699
Initialize mono
Mono path[0] = 'C:/Program Files/Unity/Hub/Editor/2020.3.26f1/Editor/Data/Managed'
Mono path[1] = 'C:/Program Files/Unity/Hub/Editor/2020.3.26f1/Editor/Data/MonoBleedingEdge/lib/mono/unityjit'
Mono config path = 'C:/Program Files/Unity/Hub/Editor/2020.3.26f1/Editor/Data/MonoBleedingEdge/etc'
Using monoOptions --debugger-agent=transport=dt_socket,embedding=1,server=y,suspend=n,address=127.0.0.1:56636
Begin MonoManager ReloadAssembly
Registering precompiled unity dll's ...
Register platform support module: C:/Program Files/Unity/Hub/Editor/2020.3.26f1/Editor/Data/PlaybackEngines/WindowsStandaloneSupport/UnityEditor.WindowsStandalone.Extensions.dll
Registered in 0.001054 seconds.
Native extension for WindowsStandalone target not found
Refreshing native plugins compatible for Editor in 23.04 ms, found 2 plugins.
Preloading 0 native plugins for Editor in 0.00 ms.
Mono: successfully reloaded assembly
- Completed reload, in  0.420 seconds
Domain Reload Profiling:
	ReloadAssembly (420ms)
		BeginReloadAssembly (38ms)
			ExecutionOrderSort (0ms)
			DisableScriptedObjects (0ms)
			BackupInstance (0ms)
			ReleaseScriptingObjects (0ms)
			CreateAndSetChildDomain (1ms)
		EndReloadAssembly (332ms)
			LoadAssemblies (36ms)
			RebuildTransferFunctionScriptingTraits (0ms)
			SetupTypeCache (109ms)
			ReleaseScriptCaches (0ms)
			RebuildScriptCaches (22ms)
			SetupLoadedEditorAssemblies (118ms)
				LogAssemblyErrors (0ms)
				InitializePlatformSupportModulesInManaged (3ms)
				SetLoadedEditorAssemblies (0ms)
				RefreshPlugins (23ms)
				BeforeProcessingInitializeOnLoad (10ms)
				ProcessInitializeOnLoadAttributes (61ms)
				ProcessInitializeOnLoadMethodAttributes (21ms)
				AfterProcessingInitializeOnLoad (0ms)
				EditorAssembliesLoaded (0ms)
			ExecutionOrderSort2 (0ms)
			AwakeInstancesAfterBackupRestoration (0ms)
Platform modules already initialized, skipping
Registering precompiled user dll's ...
Registered in 0.002120 seconds.
Begin MonoManager ReloadAssembly
Native extension for WindowsStandalone target not found
Refreshing native plugins compatible for Editor in 0.36 ms, found 2 plugins.
Preloading 0 native plugins for Editor in 0.00 ms.
Mono: successfully reloaded assembly
- Completed reload, in  0.713 seconds
Domain Reload Profiling:
	ReloadAssembly (713ms)
		BeginReloadAssembly (97ms)
			ExecutionOrderSort (0ms)
			DisableScriptedObjects (4ms)
			BackupInstance (0ms)
			ReleaseScriptingObjects (0ms)
			CreateAndSetChildDomain (17ms)
		EndReloadAssembly (573ms)
			LoadAssemblies (58ms)
			RebuildTransferFunctionScriptingTraits (0ms)
			SetupTypeCache (193ms)
			ReleaseScriptCaches (0ms)
			RebuildScriptCaches (28ms)
			SetupLoadedEditorAssemblies (229ms)
				LogAssemblyErrors (0ms)
				InitializePlatformSupportModulesInManaged (4ms)
				SetLoadedEditorAssemblies (0ms)
				RefreshPlugins (0ms)
				BeforeProcessingInitializeOnLoad (60ms)
				ProcessInitializeOnLoadAttributes (155ms)
				ProcessInitializeOnLoadMethodAttributes (7ms)
				AfterProcessingInitializeOnLoad (3ms)
				EditorAssembliesLoaded (0ms)
			ExecutionOrderSort2 (0ms)
			AwakeInstancesAfterBackupRestoration (5ms)
Platform modules already initialized, skipping
========================================================================
Worker process is ready to serve import requests
Launched and connected shader compiler UnityShaderCompiler.exe after 0.04 seconds
Refreshing native plugins compatible for Editor in 0.40 ms, found 2 plugins.
Preloading 0 native plugins for Editor in 0.00 ms.
Unloading 1503 Unused Serialized files (Serialized files now loaded: 0)
System memory in use before: 67.5 MB.
System memory in use after: 67.6 MB.

Unloading 19 unused Assets to reduce memory usage. Loaded Objects now: 1935.
Total: 2.952300 ms (FindLiveObjects: 0.220000 ms CreateObjectMapping: 0.050800 ms MarkObjects: 2.615300 ms  DeleteObjects: 0.065100 ms)

AssetImportParameters requested are different than current active one (requested -> active):
  custom:framework-win-MediaFoundation: 216162199b28c13a410421893ffa2e32 -> 
  custom:video-decoder-ogg-theora: a1e56fd34408186e4bbccfd4996cb3dc -> 
  custom:container-muxer-webm: aa71ff27fc2769a1b78a27578f13a17b -> 
  custom:container-demuxer-webm: 4f35f7cbe854078d1ac9338744f61a02 -> 
  custom:container-demuxer-ogg: 62fdf1f143b41e24485cea50d1cbac27 -> 
  custom:video-encoder-webm-vp8: eb34c28f22e8b96e1ab97ce403110664 -> 
  custom:video-decoder-webm-vp8: 9c59270c3fd7afecdb556c50c9e8de78 -> 
  custom:audio-decoder-ogg-vorbis: bf7c407c2cedff20999df2af8eb42d56 -> 
  custom:audio-encoder-webm-vorbis: bf7c407c2cedff20999df2af8eb42d56 -> 
========================================================================
Received Import Request.
  path: Assets
  artifactKey: Guid(00000000000000001000000000000000) Importer(815301076,1909f56bfc062723c751e8b465ee728b)
Start importing Assets using Guid(00000000000000001000000000000000) Importer(815301076,1909f56bfc062723c751e8b465ee728b)  -> (artifact id: '42d402b061de3733987d63b9cc3b64de') in 0.019377 seconds 
  Import took 0.021774 seconds .

========================================================================
Received Import Request.
  Time since last request: 6.997609 seconds.
  path: Assets/Script
  artifactKey: Guid(df82eee5aa27a8b4a997c8f1cbff55b6) Importer(815301076,1909f56bfc062723c751e8b465ee728b)
Start importing Assets/Script using Guid(df82eee5aa27a8b4a997c8f1cbff55b6) Importer(815301076,1909f56bfc062723c751e8b465ee728b)  -> (artifact id: 'aab10314998a29166f8443bfe0907cdb') in 0.007005 seconds 
  Import took 0.009400 seconds .

========================================================================
Received Import Request.
  Time since last request: 9.825752 seconds.
  path: Assets/Prefabs
  artifactKey: Guid(b08a9e4281f9671489d7cd872dfc00a0) Importer(815301076,1909f56bfc062723c751e8b465ee728b)
Start importing Assets/Prefabs using Guid(b08a9e4281f9671489d7cd872dfc00a0) Importer(815301076,1909f56bfc062723c751e8b465ee728b)  -> (artifact id: '00d9708bb0080a4ec9650968578c849c') in 0.007559 seconds 
  Import took 0.009876 seconds .

========================================================================
Received Import Request.
  Time since last request: 56.426811 seconds.
  path: Assets/Prefabs/g.glb
  artifactKey: Guid(2a25ceea860f2fa48acf6cf8b7111a7c) Importer(815301076,1909f56bfc062723c751e8b465ee728b)
Start importing Assets/Prefabs/g.glb using Guid(2a25ceea860f2fa48acf6cf8b7111a7c) Importer(815301076,1909f56bfc062723c751e8b465ee728b)  -> (artifact id: 'cbefb9761bca80fc69706a06968caf77') in 0.035867 seconds 
  Import took 0.038306 seconds .

========================================================================
Received Import Request.
  Time since last request: 19.174255 seconds.
  path: Assets/Prefabs/Image_0_1.jpeg
  artifactKey: Guid(0209b0c21643b424498d507053675af5) Importer(815301076,1909f56bfc062723c751e8b465ee728b)
Start importing Assets/Prefabs/Image_0_1.jpeg using Guid(0209b0c21643b424498d507053675af5) Importer(815301076,1909f56bfc062723c751e8b465ee728b)  -> (artifact id: '0e960bbaacdd56fecd0afad9374e400f') in 0.087569 seconds 
  Import took 0.089928 seconds .

========================================================================
Received Import Request.
  Time since last request: 0.000228 seconds.
  path: Assets/Prefabs/Image_2_0.png
  artifactKey: Guid(5d52374d36a0be94e848ee05123382f6) Importer(815301076,1909f56bfc062723c751e8b465ee728b)
Start importing Assets/Prefabs/Image_2_0.png using Guid(5d52374d36a0be94e848ee05123382f6) Importer(815301076,1909f56bfc062723c751e8b465ee728b)  -> (artifact id: '036b8cb369371c1cb258499356fe5913') in 0.016684 seconds 
  Import took 0.019045 seconds .

========================================================================
Received Import Request.
  Time since last request: 0.000237 seconds.
  path: Assets/Prefabs/Image_1_2@channels=G.png
  artifactKey: Guid(5868964447490c448a3820276ffcce1e) Importer(815301076,1909f56bfc062723c751e8b465ee728b)
Start importing Assets/Prefabs/Image_1_2@channels=G.png using Guid(5868964447490c448a3820276ffcce1e) Importer(815301076,1909f56bfc062723c751e8b465ee728b)  -> (artifact id: '944c7191b7f80246db23645c164bf680') in 0.017139 seconds 
  Import took 0.019661 seconds .

========================================================================
Received Import Request.
  Time since last request: 28.184894 seconds.
  path: Assets/Prefabs/Road-Prefab.prefab
  artifactKey: Guid(5d8d12796d86aeb469df0fe4de206e1a) Importer(815301076,1909f56bfc062723c751e8b465ee728b)
Start importing Assets/Prefabs/Road-Prefab.prefab using Guid(5d8d12796d86aeb469df0fe4de206e1a) Importer(815301076,1909f56bfc062723c751e8b465ee728b)  -> (artifact id: '457cce0d5b7a8c249d9b52cfaafe22c3') in 0.015924 seconds 
  Import took 0.018483 seconds .

========================================================================
Received Import Request.
  Time since last request: 175.798942 seconds.
  path: Assets/Prefabs/Materials/Image_0_1.mat
  artifactKey: Guid(af67c5ee47223fd4c8dd0df6dd3c6017) Importer(815301076,1909f56bfc062723c751e8b465ee728b)
Start importing Assets/Prefabs/Materials/Image_0_1.mat using Guid(af67c5ee47223fd4c8dd0df6dd3c6017) Importer(815301076,1909f56bfc062723c751e8b465ee728b)  -> (artifact id: 'c33a1dd224588f2cef1f6e638e80db72') in 0.232229 seconds 
  Import took 0.234643 seconds .

========================================================================
Received Import Request.
  Time since last request: 0.000220 seconds.
  path: Assets/Prefabs/Materials/Image_1_2@channels=G.mat
  artifactKey: Guid(b5d2742cfde4613488fd91cf68186b49) Importer(815301076,1909f56bfc062723c751e8b465ee728b)
Start importing Assets/Prefabs/Materials/Image_1_2@channels=G.mat using Guid(b5d2742cfde4613488fd91cf68186b49) Importer(815301076,1909f56bfc062723c751e8b465ee728b)  -> (artifact id: 'd84c941b7df59ee8108fc6ba1caa2b01') in 0.017359 seconds 
  Import took 0.019419 seconds .

========================================================================
Received Import Request.
  Time since last request: 20607.977358 seconds.
  path: Assets/Prefabs/Materials/Image_2_0.mat
  artifactKey: Guid(2306b506beafdc24eabfc6f8498f3013) Importer(815301076,1909f56bfc062723c751e8b465ee728b)
Start importing Assets/Prefabs/Materials/Image_2_0.mat using Guid(2306b506beafdc24eabfc6f8498f3013) Importer(815301076,1909f56bfc062723c751e8b465ee728b)  -> (artifact id: 'fcee41f5421c027b3e1a6b2bd2c21f98') in 0.283840 seconds 
  Import took 0.360930 seconds .

========================================================================
Received Import Request.
  Time since last request: 651.743505 seconds.
  path: Assets/Prefabs/American_Road.usdz
  artifactKey: Guid(6360b25e62bc83044bf417ee07f97db8) Importer(815301076,1909f56bfc062723c751e8b465ee728b)
Start importing Assets/Prefabs/American_Road.usdz using Guid(6360b25e62bc83044bf417ee07f97db8) Importer(815301076,1909f56bfc062723c751e8b465ee728b)  -> (artifact id: 'f618548cb924107927e85c58596219cf') in 0.030719 seconds 
  Import took 0.073970 seconds .

========================================================================
Received Import Request.
  Time since last request: 6032.607709 seconds.
  path: Assets/Prefabs/textures
  artifactKey: Guid(a4e6a641b0d364f43be185775ca7cbfa) Importer(815301076,1909f56bfc062723c751e8b465ee728b)
Start importing Assets/Prefabs/textures using Guid(a4e6a641b0d364f43be185775ca7cbfa) Importer(815301076,1909f56bfc062723c751e8b465ee728b)  -> (artifact id: 'e10e3590640317a964fade8e169f3571') in 0.048884 seconds 
  Import took 0.052917 seconds .

========================================================================
Received Import Request.
  Time since last request: 0.135038 seconds.
  path: Assets/Prefabs/textures/Asphalt015_1K_Color.jpeg
  artifactKey: Guid(3264463050cbeec42bf45cd673bc6df8) Importer(815301076,1909f56bfc062723c751e8b465ee728b)
Start importing Assets/Prefabs/textures/Asphalt015_1K_Color.jpeg using Guid(3264463050cbeec42bf45cd673bc6df8) Importer(815301076,1909f56bfc062723c751e8b465ee728b)  -> (artifact id: '8aaf3ba4f5a12ff38f058ab058df3da1') in 0.062802 seconds 
  Import took 0.065891 seconds .

========================================================================
Received Import Request.
  Time since last request: 0.000425 seconds.
  path: Assets/Prefabs/textures/Road006_1K_Color.jpeg
  artifactKey: Guid(3d3b09d091f09db428329aa63fc0e217) Importer(815301076,1909f56bfc062723c751e8b465ee728b)
Start importing Assets/Prefabs/textures/Road006_1K_Color.jpeg using Guid(3d3b09d091f09db428329aa63fc0e217) Importer(815301076,1909f56bfc062723c751e8b465ee728b)  -> (artifact id: '3983ad5f89245c78f32e355fb574d0d0') in 0.019849 seconds 
  Import took 0.059458 seconds .

========================================================================
Received Import Request.
  Time since last request: 0.000397 seconds.
  path: Assets/Prefabs/textures/PavingStones069_1K_NormalDX.jpeg
  artifactKey: Guid(201cae9a52bdbc24e93e7e08fbbbb769) Importer(815301076,1909f56bfc062723c751e8b465ee728b)
Start importing Assets/Prefabs/textures/PavingStones069_1K_NormalDX.jpeg using Guid(201cae9a52bdbc24e93e7e08fbbbb769) Importer(815301076,1909f56bfc062723c751e8b465ee728b)  -> (artifact id: '7acc83721667a610f7b3f700c170c5a6') in 0.015141 seconds 
  Import took 0.017524 seconds .

========================================================================
Received Import Request.
  Time since last request: 0.000396 seconds.
  path: Assets/Prefabs/textures/PavingStones069_1K_Color.jpeg
  artifactKey: Guid(2bd302c3f6b392041a7bc16b1baf22d3) Importer(815301076,1909f56bfc062723c751e8b465ee728b)
Start importing Assets/Prefabs/textures/PavingStones069_1K_Color.jpeg using Guid(2bd302c3f6b392041a7bc16b1baf22d3) Importer(815301076,1909f56bfc062723c751e8b465ee728b)  -> (artifact id: '85ee10b782175a809e482f942fa6bd57') in 0.017590 seconds 
  Import took 0.020145 seconds .

========================================================================
Received Import Request.
  Time since last request: 0.000378 seconds.
  path: Assets/Prefabs/textures/PavingStones091_1K_Color.jpeg
  artifactKey: Guid(1173775a91f64d948b83d00012cf8391) Importer(815301076,1909f56bfc062723c751e8b465ee728b)
Start importing Assets/Prefabs/textures/PavingStones091_1K_Color.jpeg using Guid(1173775a91f64d948b83d00012cf8391) Importer(815301076,1909f56bfc062723c751e8b465ee728b)  -> (artifact id: '0fea2b01c0c844e6d8e34d808d2aa17f') in 0.013282 seconds 
  Import took 0.016267 seconds .

========================================================================
Received Import Request.
  Time since last request: 0.000380 seconds.
  path: Assets/Prefabs/textures/Asphalt016_1K_Color.jpeg
  artifactKey: Guid(4108772bca2bba845881116d0dd73806) Importer(815301076,1909f56bfc062723c751e8b465ee728b)
Start importing Assets/Prefabs/textures/Asphalt016_1K_Color.jpeg using Guid(4108772bca2bba845881116d0dd73806) Importer(815301076,1909f56bfc062723c751e8b465ee728b)  -> (artifact id: '493dabc90c5a99c5d574d7a9577a55c4') in 0.013472 seconds 
  Import took 0.016129 seconds .

========================================================================
Received Import Request.
  Time since last request: 0.000399 seconds.
  path: Assets/Prefabs/textures/PavingStones091_1K_NormalGL.jpeg
  artifactKey: Guid(3d8b39f357b2bf04ebb6b36fa25024a4) Importer(815301076,1909f56bfc062723c751e8b465ee728b)
Start importing Assets/Prefabs/textures/PavingStones091_1K_NormalGL.jpeg using Guid(3d8b39f357b2bf04ebb6b36fa25024a4) Importer(815301076,1909f56bfc062723c751e8b465ee728b)  -> (artifact id: 'a8a6f7e4499f0d1faaee988195594127') in 0.014160 seconds 
  Import took 0.016878 seconds .

========================================================================
Received Import Request.
  Time since last request: 0.000424 seconds.
  path: Assets/Prefabs/textures/DefaultMaterial_BaseColor.png
  artifactKey: Guid(732067d42647e784db78ee211d94502d) Importer(815301076,1909f56bfc062723c751e8b465ee728b)
Start importing Assets/Prefabs/textures/DefaultMaterial_BaseColor.png using Guid(732067d42647e784db78ee211d94502d) Importer(815301076,1909f56bfc062723c751e8b465ee728b)  -> (artifact id: '2f6b10707a6c5bdb013f49e2dff27780') in 0.012915 seconds 
  Import took 0.015482 seconds .

========================================================================
Received Import Request.
  Time since last request: 0.000432 seconds.
  path: Assets/Prefabs/textures/Road007_1K_Color.jpeg
  artifactKey: Guid(b2fdf850aacb2df43a33773bad6a9604) Importer(815301076,1909f56bfc062723c751e8b465ee728b)
Start importing Assets/Prefabs/textures/Road007_1K_Color.jpeg using Guid(b2fdf850aacb2df43a33773bad6a9604) Importer(815301076,1909f56bfc062723c751e8b465ee728b)  -> (artifact id: '92c7493c2380277055599202ad84811a') in 0.014782 seconds 
  Import took 0.017753 seconds .

========================================================================
Received Import Request.
  Time since last request: 0.000461 seconds.
  path: Assets/Prefabs/textures/DefaultMaterial_Emission.png
  artifactKey: Guid(a4ab72fc91b8d224d86fab27066bb05c) Importer(815301076,1909f56bfc062723c751e8b465ee728b)
Start importing Assets/Prefabs/textures/DefaultMaterial_Emission.png using Guid(a4ab72fc91b8d224d86fab27066bb05c) Importer(815301076,1909f56bfc062723c751e8b465ee728b)  -> (artifact id: '58dd16747d2b368033b0da509979548c') in 0.013115 seconds 
  Import took 0.016196 seconds .

========================================================================
Received Import Request.
  Time since last request: 43.734054 seconds.
  path: Assets/Prefabs/Road.prefab
  artifactKey: Guid(e1dc9a7de30226f48af03954fed7c653) Importer(815301076,1909f56bfc062723c751e8b465ee728b)
Start importing Assets/Prefabs/Road.prefab using Guid(e1dc9a7de30226f48af03954fed7c653) Importer(815301076,1909f56bfc062723c751e8b465ee728b)  -> (artifact id: 'ed6ce8f1602a127c0ec35739fa571c4e') in 0.080364 seconds 
  Import took 0.121378 seconds .

AssetImportWorkerClient::OnTransportError - code=2 error=End of file
